<?xml version="1.0" encoding="UTF-8"?>
<testng-results ignored="0" total="1" passed="1" failed="0" skipped="0">
  <reporter-output>
  </reporter-output>
  <suite started-at="2022-12-05T16:05:41 IST" name="Default suite" finished-at="2022-12-05T16:05:41 IST" duration-ms="80">
    <groups>
    </groups>
    <test started-at="2022-12-05T16:05:41 IST" name="Default test" finished-at="2022-12-05T16:05:41 IST" duration-ms="80">
      <class name="jen.test">
        <test-method signature="outputStatement()[pri:0, instance:jen.test@223aa2f7]" started-at="2022-12-05T16:05:41 IST" name="outputStatement" finished-at="2022-12-05T16:05:41 IST" duration-ms="12" status="PASS">
          <reporter-output>
          </reporter-output>
        </test-method> <!-- outputStatement -->
      </class> <!-- jen.test -->
    </test> <!-- Default test -->
  </suite> <!-- Default suite -->
</testng-results>
